============================= test session starts =============================
platform win32 -- Python 3.11.9, pytest-7.4.3, pluggy-1.6.0 -- C:\Users\Fares\AppData\Local\Programs\Python\Python311\python.exe
cachedir: .pytest_cache
rootdir: C:\Users\Fares\Logique
plugins: anyio-3.7.1, dash-3.1.1, Faker-37.4.2, hydra-core-1.3.2, asyncio-0.21.1, typeguard-4.4.4
asyncio: mode=Mode.STRICT
collecting ... collected 37 items

tests/test_array_utils.py::TestArrayUtils::test_filter_by_property PASSED [  2%]
tests/test_array_utils.py::TestArrayUtils::test_group_by PASSED          [  5%]
tests/test_array_utils.py::TestArrayUtils::test_find_intersection PASSED [  8%]
tests/test_array_utils.py::TestArrayUtils::test_transform_array PASSED   [ 10%]
tests/test_array_utils.py::TestArrayUtils::test_aggregate_data PASSED    [ 13%]
tests/test_dict_utils.py::TestDictUtils::test_get_values PASSED          [ 16%]
tests/test_dict_utils.py::TestDictUtils::test_transform_values PASSED    [ 18%]
tests/test_dict_utils.py::TestDictUtils::test_merge_objects PASSED       [ 21%]
tests/test_dict_utils.py::TestDictUtils::test_filter_object PASSED       [ 24%]
tests/test_dict_utils.py::TestDictUtils::test_flat_to_nested PASSED      [ 27%]
tests/test_dict_utils.py::TestDictUtils::test_find_keys_by_value PASSED  [ 29%]
tests/test_dict_utils.py::TestDictUtils::test_count_values PASSED        [ 32%]
tests/test_dict_utils.py::TestDictUtils::test_extract_properties PASSED  [ 35%]
tests/test_dict_utils.py::TestDictUtils::test_sort_by_values PASSED      [ 37%]
tests/test_dict_utils.py::TestDictUtils::test_find_max_value PASSED      [ 40%]
tests/test_dict_utils.py::TestDictUtils::test_create_objects_from_pairs PASSED [ 43%]
tests/test_dict_utils.py::TestDictUtils::test_find_value_in_nested PASSED [ 45%]
tests/test_dict_utils.py::TestDictUtils::test_group_by_property PASSED   [ 48%]
tests/test_dict_utils.py::TestDictUtils::test_validate_object PASSED     [ 51%]
tests/test_dict_utils.py::TestDictUtils::test_compare_differences PASSED [ 54%]
tests/test_dict_utils.py::TestDictUtils::test_object_to_url_params PASSED [ 56%]
tests/test_dict_utils.py::TestDictUtils::test_get_object_stats PASSED    [ 59%]
tests/test_string_utils.py::TestStringUtils::test_clean_string PASSED    [ 62%]
tests/test_string_utils.py::TestStringUtils::test_proper_case PASSED     [ 64%]
tests/test_string_utils.py::TestStringUtils::test_is_exclamation PASSED  [ 67%]
tests/test_string_utils.py::TestStringUtils::test_reverse_words PASSED   [ 70%]
tests/test_string_utils.py::TestStringUtils::test_count_letters PASSED   [ 72%]
tests/test_string_utils.py::TestStringUtils::test_to_camel_case PASSED   [ 75%]
tests/test_string_utils.py::TestStringUtils::test_count_vowels PASSED    [ 78%]
tests/test_string_utils.py::TestStringUtils::test_capital_lowercase PASSED [ 81%]
tests/test_string_utils.py::TestStringUtils::test_remove_duplicates PASSED [ 83%]
tests/test_string_utils.py::TestStringUtils::test_get_initials PASSED    [ 86%]
tests/test_string_utils.py::TestStringUtils::test_mask_last_n_chars PASSED [ 89%]
tests/test_string_utils.py::TestStringUtils::test_is_palindrome PASSED   [ 91%]
tests/test_string_utils.py::TestStringUtils::test_longest_sequence PASSED [ 94%]
tests/test_string_utils.py::TestStringUtils::test_truncate_string PASSED [ 97%]
tests/test_string_utils.py::TestStringUtils::test_greeting_proper PASSED [100%]

============================= 37 passed in 0.13s ==============================
